
Showing logs for build [32mcb-kubecd-environment-pr-186-5-mhkz9-1[0m stage [32mfrom-build-pack[0m and container [32mstep-credential-initializer-m8x27[0m
{"level":"warn","ts":1584731656.9955065,"logger":"fallback-logger","caller":"logging/config.go:69","msg":"Fetch GitHub commit ID from kodata failed: \"ref: refs/heads/0.8.0-**-support-backwards-incompats\" is not a valid GitHub commit ID"}
{"level":"info","ts":1584731656.9964154,"logger":"fallback-logger","caller":"creds-init/main.go:40","msg":"Credentials initialized."}

Showing logs for build [32mcb-kubecd-environment-pr-186-5-mhkz9-1[0m stage [32mfrom-build-pack[0m and container [32mstep-working-dir-initializer-98gwl[0m
{"level":"warn","ts":1584731658.3618631,"logger":"fallback-logger","caller":"logging/config.go:69","msg":"Fetch GitHub commit ID from kodata failed: open /var/run/ko/HEAD: no such file or directory"}
{"level":"info","ts":1584731658.3634284,"logger":"fallback-logger","caller":"bash/main.go:64","msg":"Successfully executed command \"sh -c mkdir -p /workspace/source\"; output "}

Showing logs for build [32mcb-kubecd-environment-pr-186-5-mhkz9-1[0m stage [32mfrom-build-pack[0m and container [32mstep-place-tools[0m

Showing logs for build [32mcb-kubecd-environment-pr-186-5-mhkz9-1[0m stage [32mfrom-build-pack[0m and container [32mstep-git-source-cb-kubecd-environment-pr-186-5-mhkz9-2x2zm[0m
{"level":"warn","ts":1584731663.5448854,"logger":"fallback-logger","caller":"logging/config.go:69","msg":"Fetch GitHub commit ID from kodata failed: \"ref: refs/heads/0.8.0-**-support-backwards-incompats\" is not a valid GitHub commit ID"}
{"level":"info","ts":1584731664.6038406,"logger":"fallback-logger","caller":"git/git.go:103","msg":"Successfully cloned https://github.com/cb-kubecd/environment-pr-186-5-boot-gke-staging.git @ master in path /workspace/source"}

Showing logs for build [32mcb-kubecd-environment-pr-186-5-mhkz9-1[0m stage [32mfrom-build-pack[0m and container [32mstep-git-merge[0m
Using SHAs from PULL_REFS=master:0911f5eaa4de028911a02c4b92e18afe38c57dad,4:892e8be794733e25f11e8682c960381eb6d62414
DEBUG: LC_ALL=C JX_LOG_LEVEL=error git fetch origin --unshallow 892e8be794733e25f11e8682c960381eb6d62414: 0911f5eaa4de028911a02c4b92e18afe38c57dad:
DEBUG: ran git fetch --unshallow origin 892e8be794733e25f11e8682c960381eb6d62414: 0911f5eaa4de028911a02c4b92e18afe38c57dad: in 
DEBUG: LC_ALL=C JX_LOG_LEVEL=error git branch
DEBUG: LC_ALL=C JX_LOG_LEVEL=error git checkout master
DEBUG: ran git checkout master in 
DEBUG: JX_LOG_LEVEL=error LC_ALL=C git reset --hard 0911f5eaa4de028911a02c4b92e18afe38c57dad
DEBUG: ran git reset --hard 0911f5eaa4de028911a02c4b92e18afe38c57dad in 
DEBUG: JX_LOG_LEVEL=error LC_ALL=C git clean -fd .
DEBUG: ran clean --force -d . in 
DEBUG: LC_ALL=C JX_LOG_LEVEL=error git merge 892e8be794733e25f11e8682c960381eb6d62414
DEBUG: ran git merge 892e8be794733e25f11e8682c960381eb6d62414 in 
DEBUG: LC_ALL=C JX_LOG_LEVEL=error git log --format=%H%x1f%an%x1f%ae%x1f%cn%x1f%ce%x1f%s%n%b%x1e 0911f5eaa4de028911a02c4b92e18afe38c57dad..HEAD
Merged SHA 892e8be794733e25f11e8682c960381eb6d62414 with commit message 'chore: Promote bdd-nh-1584729830 to version 0.0.1' into base branch master

Showing logs for build [32mcb-kubecd-environment-pr-186-5-mhkz9-1[0m stage [32mfrom-build-pack[0m and container [32mstep-build-helm-build[0m
WARNING: No $CHART_REPOSITORY defined so using the default value of: http://jenkins-x-chartmuseum:8080
Adding missing Helm repo: storage.googleapis.com https://storage.googleapis.com/chartmuseum.jenkins-x.io
WARNING: No secrets found on "helm/repos" due: reading the secret "helm/repos" from vault: no secret "helm/repos" not found in vault
Read credentials for https://storage.googleapis.com/chartmuseum.jenkins-x.io from vault helm/repos
Successfully added Helm repository storage.googleapis.com.
Adding missing Helm repo: jenkins-x-chartmuseum http://jenkins-x-chartmuseum:8080
WARNING: No secrets found on "helm/repos" due: reading the secret "helm/repos" from vault: no secret "helm/repos" not found in vault
Read credentials for http://jenkins-x-chartmuseum:8080 from vault helm/repos
Successfully added Helm repository jenkins-x-chartmuseum.
WARNING: No $CHART_REPOSITORY defined so using the default value of: http://jenkins-x-chartmuseum:8080
Adding missing Helm repo: chartmuseum.jenkins-x.io http://chartmuseum.jenkins-x.io
WARNING: No secrets found on "helm/repos" due: reading the secret "helm/repos" from vault: no secret "helm/repos" not found in vault
Read credentials for http://chartmuseum.jenkins-x.io from vault helm/repos
Successfully added Helm repository chartmuseum.jenkins-x.io.
