
Showing logs for build [32mcb-kubecd-environment-pr-186-5-869pt-1[0m stage [32mfrom-build-pack[0m and container [32mstep-credential-initializer-n7fpf[0m
{"level":"warn","ts":1584732898.7326398,"logger":"fallback-logger","caller":"logging/config.go:69","msg":"Fetch GitHub commit ID from kodata failed: \"ref: refs/heads/0.8.0-**-support-backwards-incompats\" is not a valid GitHub commit ID"}
{"level":"info","ts":1584732898.7336178,"logger":"fallback-logger","caller":"creds-init/main.go:40","msg":"Credentials initialized."}

Showing logs for build [32mcb-kubecd-environment-pr-186-5-869pt-1[0m stage [32mfrom-build-pack[0m and container [32mstep-working-dir-initializer-2qx6z[0m
{"level":"warn","ts":1584732899.2255476,"logger":"fallback-logger","caller":"logging/config.go:69","msg":"Fetch GitHub commit ID from kodata failed: open /var/run/ko/HEAD: no such file or directory"}
{"level":"info","ts":1584732899.2270536,"logger":"fallback-logger","caller":"bash/main.go:64","msg":"Successfully executed command \"sh -c mkdir -p /workspace/source\"; output "}

Showing logs for build [32mcb-kubecd-environment-pr-186-5-869pt-1[0m stage [32mfrom-build-pack[0m and container [32mstep-place-tools[0m

Showing logs for build [32mcb-kubecd-environment-pr-186-5-869pt-1[0m stage [32mfrom-build-pack[0m and container [32mstep-git-source-cb-kubecd-environment-pr-186-5-869pt-f8g52[0m
{"level":"warn","ts":1584732903.5254948,"logger":"fallback-logger","caller":"logging/config.go:69","msg":"Fetch GitHub commit ID from kodata failed: \"ref: refs/heads/0.8.0-**-support-backwards-incompats\" is not a valid GitHub commit ID"}
{"level":"info","ts":1584732904.5438044,"logger":"fallback-logger","caller":"git/git.go:103","msg":"Successfully cloned https://github.com/cb-kubecd/environment-pr-186-5-boot-gke-staging.git @ master in path /workspace/source"}

Showing logs for build [32mcb-kubecd-environment-pr-186-5-869pt-1[0m stage [32mfrom-build-pack[0m and container [32mstep-git-merge[0m
Using SHAs from PULL_REFS=master:4e874b173da94629266ae85fdf50dbf98b6f3d57,6:d4b7eb2893f46999b2f4b673adc9211e3df10cbf
DEBUG: LC_ALL=C JX_LOG_LEVEL=error git fetch origin --unshallow d4b7eb2893f46999b2f4b673adc9211e3df10cbf: 4e874b173da94629266ae85fdf50dbf98b6f3d57:
DEBUG: ran git fetch --unshallow origin d4b7eb2893f46999b2f4b673adc9211e3df10cbf: 4e874b173da94629266ae85fdf50dbf98b6f3d57: in 
DEBUG: LC_ALL=C JX_LOG_LEVEL=error git branch
DEBUG: LC_ALL=C JX_LOG_LEVEL=error git checkout master
DEBUG: ran git checkout master in 
DEBUG: LC_ALL=C JX_LOG_LEVEL=error git reset --hard 4e874b173da94629266ae85fdf50dbf98b6f3d57
DEBUG: ran git reset --hard 4e874b173da94629266ae85fdf50dbf98b6f3d57 in 
DEBUG: LC_ALL=C JX_LOG_LEVEL=error git clean -fd .
DEBUG: ran clean --force -d . in 
DEBUG: LC_ALL=C JX_LOG_LEVEL=error git merge d4b7eb2893f46999b2f4b673adc9211e3df10cbf
DEBUG: ran git merge d4b7eb2893f46999b2f4b673adc9211e3df10cbf in 
DEBUG: JX_LOG_LEVEL=error LC_ALL=C git log --format=%H%x1f%an%x1f%ae%x1f%cn%x1f%ce%x1f%s%n%b%x1e 4e874b173da94629266ae85fdf50dbf98b6f3d57..HEAD
Merged SHA d4b7eb2893f46999b2f4b673adc9211e3df10cbf with commit message 'chore: Promote bdd-nh-import-1584732107 to version 0.0.1' into base branch master

Showing logs for build [32mcb-kubecd-environment-pr-186-5-869pt-1[0m stage [32mfrom-build-pack[0m and container [32mstep-build-helm-build[0m
WARNING: No $CHART_REPOSITORY defined so using the default value of: http://jenkins-x-chartmuseum:8080
Adding missing Helm repo: storage.googleapis.com https://storage.googleapis.com/chartmuseum.jenkins-x.io
WARNING: No secrets found on "helm/repos" due: reading the secret "helm/repos" from vault: no secret "helm/repos" not found in vault
Read credentials for https://storage.googleapis.com/chartmuseum.jenkins-x.io from vault helm/repos
Successfully added Helm repository storage.googleapis.com.
Adding missing Helm repo: jenkins-x-chartmuseum http://jenkins-x-chartmuseum:8080
WARNING: No secrets found on "helm/repos" due: reading the secret "helm/repos" from vault: no secret "helm/repos" not found in vault
Read credentials for http://jenkins-x-chartmuseum:8080 from vault helm/repos
Successfully added Helm repository jenkins-x-chartmuseum.
WARNING: No $CHART_REPOSITORY defined so using the default value of: http://jenkins-x-chartmuseum:8080
Adding missing Helm repo: chartmuseum.jenkins-x.io http://chartmuseum.jenkins-x.io
WARNING: No secrets found on "helm/repos" due: reading the secret "helm/repos" from vault: no secret "helm/repos" not found in vault
Read credentials for http://chartmuseum.jenkins-x.io from vault helm/repos
Successfully added Helm repository chartmuseum.jenkins-x.io.
